<?xml version="1.0" encoding="UTF-8"?>
<!-- Generated by org.testng.reporters.JUnitXMLReporter -->
<testsuite hostname="DESKTOP-87D2P7E" ignored="0" name="ChromeTest" tests="3" failures="0" timestamp="24 Dec 2019 10:49:52 GMT" time="68.143" errors="0">
  <testcase name="testValidloginlogout" time="7.216" classname="Com.Actitime.Tests.ValidLoginLogoutTest"/>
  <testcase name="testInvlidLoginlogout" time="14.728" classname="Com.Actitime.Tests.InvalidLoginTest"/>
  <testcase name="testVerifyVersion" time="0.797" classname="Com.Actitime.Tests.VerifyversionTest"/>
</testsuite> <!-- ChromeTest -->
