<?xml version="1.0" encoding="UTF-8"?>
<!-- Generated by org.testng.reporters.JUnitXMLReporter -->
<testsuite hostname="DESKTOP-87D2P7E" ignored="0" name="FirefoxTest" tests="3" failures="0" timestamp="24 Dec 2019 10:49:58 GMT" time="74.655" errors="0">
  <testcase name="testValidloginlogout" time="2.668" classname="Com.Actitime.Tests.ValidLoginLogoutTest"/>
  <testcase name="testInvlidLoginlogout" time="13.926" classname="Com.Actitime.Tests.InvalidLoginTest"/>
  <testcase name="testVerifyVersion" time="0.177" classname="Com.Actitime.Tests.VerifyversionTest"/>
</testsuite> <!-- FirefoxTest -->
