<?xml version="1.0" encoding="UTF-8"?>
<testng-results skipped="0" failed="0" ignored="0" total="6" passed="6">
  <reporter-output>
    <line>
      <![CDATA[Title is matching actiTIME - Login]]>
    </line>
    <line>
      <![CDATA[the user name is admin]]>
    </line>
    <line>
      <![CDATA[the password is  manager]]>
    </line>
    <line>
      <![CDATA[Title is matching actiTIME - Login]]>
    </line>
    <line>
      <![CDATA[the user name is admin]]>
    </line>
    <line>
      <![CDATA[the password is  manager]]>
    </line>
    <line>
      <![CDATA[Title is matching actiTIME - Enter Time-Track]]>
    </line>
    <line>
      <![CDATA[Title is matching actiTIME - Enter Time-Track]]>
    </line>
    <line>
      <![CDATA[Title is matching actiTIME - Login]]>
    </line>
    <line>
      <![CDATA[The username is admin]]>
    </line>
    <line>
      <![CDATA[the passwrod is damager]]>
    </line>
    <line>
      <![CDATA[Title is matching actiTIME - Login]]>
    </line>
    <line>
      <![CDATA[The username is admin]]>
    </line>
    <line>
      <![CDATA[the passwrod is damager]]>
    </line>
    <line>
      <![CDATA[Element is present]]>
    </line>
    <line>
      <![CDATA[The actual err message is Username or Password is invalid. Please try again.]]>
    </line>
    <line>
      <![CDATA[the expected err message is Username or Password is invalid. Please try again.]]>
    </line>
    <line>
      <![CDATA[=============]]>
    </line>
    <line>
      <![CDATA[the message is matching ......]]>
    </line>
    <line>
      <![CDATA[=============]]>
    </line>
    <line>
      <![CDATA[The username is qsp]]>
    </line>
    <line>
      <![CDATA[the passwrod is jsp]]>
    </line>
    <line>
      <![CDATA[Element is present]]>
    </line>
    <line>
      <![CDATA[The actual err message is Username or Password is invalid. Please try again.]]>
    </line>
    <line>
      <![CDATA[the expected err message is Username or Password is invalid. Please try again.]]>
    </line>
    <line>
      <![CDATA[=============]]>
    </line>
    <line>
      <![CDATA[the message is matching ......]]>
    </line>
    <line>
      <![CDATA[=============]]>
    </line>
    <line>
      <![CDATA[The username is qsp]]>
    </line>
    <line>
      <![CDATA[the passwrod is jsp]]>
    </line>
    <line>
      <![CDATA[Element is present]]>
    </line>
    <line>
      <![CDATA[The actual err message is Username or Password is invalid. Please try again.]]>
    </line>
    <line>
      <![CDATA[the expected err message is Username or Password is invalid. Please try again.]]>
    </line>
    <line>
      <![CDATA[=============]]>
    </line>
    <line>
      <![CDATA[the message is matching ......]]>
    </line>
    <line>
      <![CDATA[=============]]>
    </line>
    <line>
      <![CDATA[The username is 45]]>
    </line>
    <line>
      <![CDATA[the passwrod is a]]>
    </line>
    <line>
      <![CDATA[Element is present]]>
    </line>
    <line>
      <![CDATA[The actual err message is Username or Password is invalid. Please try again.]]>
    </line>
    <line>
      <![CDATA[the expected err message is Username or Password is invalid. Please try again.]]>
    </line>
    <line>
      <![CDATA[=============]]>
    </line>
    <line>
      <![CDATA[the message is matching ......]]>
    </line>
    <line>
      <![CDATA[=============]]>
    </line>
    <line>
      <![CDATA[The username is 45]]>
    </line>
    <line>
      <![CDATA[the passwrod is a]]>
    </line>
    <line>
      <![CDATA[Element is present]]>
    </line>
    <line>
      <![CDATA[The actual err message is Username or Password is invalid. Please try again.]]>
    </line>
    <line>
      <![CDATA[the expected err message is Username or Password is invalid. Please try again.]]>
    </line>
    <line>
      <![CDATA[=============]]>
    </line>
    <line>
      <![CDATA[the message is matching ......]]>
    </line>
    <line>
      <![CDATA[=============]]>
    </line>
    <line>
      <![CDATA[The username is a]]>
    </line>
    <line>
      <![CDATA[the passwrod is @]]>
    </line>
    <line>
      <![CDATA[Element is present]]>
    </line>
    <line>
      <![CDATA[The actual err message is Username or Password is invalid. Please try again.]]>
    </line>
    <line>
      <![CDATA[the expected err message is Username or Password is invalid. Please try again.]]>
    </line>
    <line>
      <![CDATA[=============]]>
    </line>
    <line>
      <![CDATA[the message is matching ......]]>
    </line>
    <line>
      <![CDATA[=============]]>
    </line>
    <line>
      <![CDATA[The username is a]]>
    </line>
    <line>
      <![CDATA[the passwrod is @]]>
    </line>
    <line>
      <![CDATA[Element is present]]>
    </line>
    <line>
      <![CDATA[The actual err message is Username or Password is invalid. Please try again.]]>
    </line>
    <line>
      <![CDATA[the expected err message is Username or Password is invalid. Please try again.]]>
    </line>
    <line>
      <![CDATA[=============]]>
    </line>
    <line>
      <![CDATA[the message is matching ......]]>
    </line>
    <line>
      <![CDATA[=============]]>
    </line>
    <line>
      <![CDATA[The username is 1]]>
    </line>
    <line>
      <![CDATA[the passwrod is 2]]>
    </line>
    <line>
      <![CDATA[Element is present]]>
    </line>
    <line>
      <![CDATA[The actual err message is Username or Password is invalid. Please try again.]]>
    </line>
    <line>
      <![CDATA[the expected err message is Username or Password is invalid. Please try again.]]>
    </line>
    <line>
      <![CDATA[=============]]>
    </line>
    <line>
      <![CDATA[the message is matching ......]]>
    </line>
    <line>
      <![CDATA[=============]]>
    </line>
    <line>
      <![CDATA[The username is 1]]>
    </line>
    <line>
      <![CDATA[the passwrod is 2]]>
    </line>
    <line>
      <![CDATA[Element is present]]>
    </line>
    <line>
      <![CDATA[The actual err message is Username or Password is invalid. Please try again.]]>
    </line>
    <line>
      <![CDATA[the expected err message is Username or Password is invalid. Please try again.]]>
    </line>
    <line>
      <![CDATA[=============]]>
    </line>
    <line>
      <![CDATA[the message is matching ......]]>
    </line>
    <line>
      <![CDATA[=============]]>
    </line>
    <line>
      <![CDATA[Element is present]]>
    </line>
    <line>
      <![CDATA[The actual err message is Username or Password is invalid. Please try again.]]>
    </line>
    <line>
      <![CDATA[the expected err message is Username or Password is invalid. Please try again.]]>
    </line>
    <line>
      <![CDATA[=============]]>
    </line>
    <line>
      <![CDATA[the message is matching ......]]>
    </line>
    <line>
      <![CDATA[=============]]>
    </line>
    <line>
      <![CDATA[Title is matching actiTIME - Login]]>
    </line>
    <line>
      <![CDATA[Element is present]]>
    </line>
    <line>
      <![CDATA[Actual version is actiTIME 2020.1 Pro]]>
    </line>
    <line>
      <![CDATA[the expectyed version isactiTIME 2020.1 Pro]]>
    </line>
    <line>
      <![CDATA[=============]]>
    </line>
    <line>
      <![CDATA[the version is matching ...]]>
    </line>
    <line>
      <![CDATA[Title is matching actiTIME - Login]]>
    </line>
    <line>
      <![CDATA[Element is present]]>
    </line>
    <line>
      <![CDATA[Actual version is actiTIME 2020.1 Pro]]>
    </line>
    <line>
      <![CDATA[the expectyed version isactiTIME 2020.1 Pro]]>
    </line>
    <line>
      <![CDATA[=============]]>
    </line>
    <line>
      <![CDATA[the version is matching ...]]>
    </line>
  </reporter-output>
  <suite name="Suite" duration-ms="74656" started-at="2019-12-24T10:48:43Z" finished-at="2019-12-24T10:49:58Z">
    <groups>
    </groups>
    <test name="ChromeTest" duration-ms="68143" started-at="2019-12-24T10:48:43Z" finished-at="2019-12-24T10:49:51Z">
      <class name="Com.Actitime.Tests.ValidLoginLogoutTest">
        <test-method status="PASS" signature="precondition(java.lang.String, java.lang.String, java.lang.String)[pri:0, instance:Com.Actitime.Tests.ValidLoginLogoutTest@604ed9f0]" name="precondition" is-config="true" duration-ms="15062" started-at="2019-12-24T10:48:43Z" finished-at="2019-12-24T10:48:58Z">
          <params>
            <param index="0">
              <value>
                <![CDATA[http://localhost:4444/wd/hub/]]>
              </value>
            </param>
            <param index="1">
              <value>
                <![CDATA[chrome]]>
              </value>
            </param>
            <param index="2">
              <value>
                <![CDATA[https://demo.actitime.com/login.do]]>
              </value>
            </param>
          </params>
          <reporter-output>
          </reporter-output>
        </test-method> <!-- precondition -->
        <test-method status="PASS" signature="testValidloginlogout()[pri:1, instance:Com.Actitime.Tests.ValidLoginLogoutTest@604ed9f0]" name="testValidloginlogout" duration-ms="7216" started-at="2019-12-24T10:48:58Z" finished-at="2019-12-24T10:49:06Z">
          <reporter-output>
            <line>
              <![CDATA[Title is matching actiTIME - Login]]>
            </line>
            <line>
              <![CDATA[the user name is admin]]>
            </line>
            <line>
              <![CDATA[the password is  manager]]>
            </line>
            <line>
              <![CDATA[Title is matching actiTIME - Enter Time-Track]]>
            </line>
          </reporter-output>
        </test-method> <!-- testValidloginlogout -->
        <test-method status="PASS" signature="postcondition(org.testng.ITestResult)[pri:0, instance:Com.Actitime.Tests.ValidLoginLogoutTest@604ed9f0]" name="postcondition" is-config="true" duration-ms="2352" started-at="2019-12-24T10:49:06Z" finished-at="2019-12-24T10:49:08Z">
          <params>
            <param index="0">
              <value>
                <![CDATA[[TestResult name=testValidloginlogout status=SUCCESS method=ValidLoginLogoutTest.testValidloginlogout()[pri:1, instance:Com.Actitime.Tests.ValidLoginLogoutTest@604ed9f0] output=Title is matching actiTIME - Login]]]>
              </value>
            </param>
          </params>
          <reporter-output>
          </reporter-output>
        </test-method> <!-- postcondition -->
      </class> <!-- Com.Actitime.Tests.ValidLoginLogoutTest -->
      <class name="Com.Actitime.Tests.VerifyversionTest">
        <test-method status="PASS" signature="precondition(java.lang.String, java.lang.String, java.lang.String)[pri:0, instance:Com.Actitime.Tests.VerifyversionTest@6a4f787b]" name="precondition" is-config="true" duration-ms="13088" started-at="2019-12-24T10:49:35Z" finished-at="2019-12-24T10:49:48Z">
          <params>
            <param index="0">
              <value>
                <![CDATA[http://localhost:4444/wd/hub/]]>
              </value>
            </param>
            <param index="1">
              <value>
                <![CDATA[chrome]]>
              </value>
            </param>
            <param index="2">
              <value>
                <![CDATA[https://demo.actitime.com/login.do]]>
              </value>
            </param>
          </params>
          <reporter-output>
          </reporter-output>
        </test-method> <!-- precondition -->
        <test-method status="PASS" signature="testVerifyVersion()[pri:3, instance:Com.Actitime.Tests.VerifyversionTest@6a4f787b]" name="testVerifyVersion" duration-ms="797" started-at="2019-12-24T10:49:48Z" finished-at="2019-12-24T10:49:49Z">
          <reporter-output>
            <line>
              <![CDATA[Title is matching actiTIME - Login]]>
            </line>
            <line>
              <![CDATA[Element is present]]>
            </line>
            <line>
              <![CDATA[Actual version is actiTIME 2020.1 Pro]]>
            </line>
            <line>
              <![CDATA[the expectyed version isactiTIME 2020.1 Pro]]>
            </line>
            <line>
              <![CDATA[=============]]>
            </line>
            <line>
              <![CDATA[the version is matching ...]]>
            </line>
          </reporter-output>
        </test-method> <!-- testVerifyVersion -->
        <test-method status="PASS" signature="postcondition(org.testng.ITestResult)[pri:0, instance:Com.Actitime.Tests.VerifyversionTest@6a4f787b]" name="postcondition" is-config="true" duration-ms="2262" started-at="2019-12-24T10:49:49Z" finished-at="2019-12-24T10:49:51Z">
          <params>
            <param index="0">
              <value>
                <![CDATA[[TestResult name=testVerifyVersion status=SUCCESS method=VerifyversionTest.testVerifyVersion()[pri:3, instance:Com.Actitime.Tests.VerifyversionTest@6a4f787b] output=Title is matching actiTIME - Login]]]>
              </value>
            </param>
          </params>
          <reporter-output>
          </reporter-output>
        </test-method> <!-- postcondition -->
      </class> <!-- Com.Actitime.Tests.VerifyversionTest -->
      <class name="Com.Actitime.Tests.InvalidLoginTest">
        <test-method status="PASS" signature="precondition(java.lang.String, java.lang.String, java.lang.String)[pri:0, instance:Com.Actitime.Tests.InvalidLoginTest@91161c7]" name="precondition" is-config="true" duration-ms="10478" started-at="2019-12-24T10:49:08Z" finished-at="2019-12-24T10:49:18Z">
          <params>
            <param index="0">
              <value>
                <![CDATA[http://localhost:4444/wd/hub/]]>
              </value>
            </param>
            <param index="1">
              <value>
                <![CDATA[chrome]]>
              </value>
            </param>
            <param index="2">
              <value>
                <![CDATA[https://demo.actitime.com/login.do]]>
              </value>
            </param>
          </params>
          <reporter-output>
          </reporter-output>
        </test-method> <!-- precondition -->
        <test-method status="PASS" signature="testInvlidLoginlogout()[pri:2, instance:Com.Actitime.Tests.InvalidLoginTest@91161c7]" name="testInvlidLoginlogout" duration-ms="14728" started-at="2019-12-24T10:49:18Z" finished-at="2019-12-24T10:49:33Z">
          <reporter-output>
            <line>
              <![CDATA[Title is matching actiTIME - Login]]>
            </line>
            <line>
              <![CDATA[The username is admin]]>
            </line>
            <line>
              <![CDATA[the passwrod is damager]]>
            </line>
            <line>
              <![CDATA[Element is present]]>
            </line>
            <line>
              <![CDATA[The actual err message is Username or Password is invalid. Please try again.]]>
            </line>
            <line>
              <![CDATA[the expected err message is Username or Password is invalid. Please try again.]]>
            </line>
            <line>
              <![CDATA[=============]]>
            </line>
            <line>
              <![CDATA[the message is matching ......]]>
            </line>
            <line>
              <![CDATA[=============]]>
            </line>
            <line>
              <![CDATA[The username is qsp]]>
            </line>
            <line>
              <![CDATA[the passwrod is jsp]]>
            </line>
            <line>
              <![CDATA[Element is present]]>
            </line>
            <line>
              <![CDATA[The actual err message is Username or Password is invalid. Please try again.]]>
            </line>
            <line>
              <![CDATA[the expected err message is Username or Password is invalid. Please try again.]]>
            </line>
            <line>
              <![CDATA[=============]]>
            </line>
            <line>
              <![CDATA[the message is matching ......]]>
            </line>
            <line>
              <![CDATA[=============]]>
            </line>
            <line>
              <![CDATA[The username is 45]]>
            </line>
            <line>
              <![CDATA[the passwrod is a]]>
            </line>
            <line>
              <![CDATA[Element is present]]>
            </line>
            <line>
              <![CDATA[The actual err message is Username or Password is invalid. Please try again.]]>
            </line>
            <line>
              <![CDATA[the expected err message is Username or Password is invalid. Please try again.]]>
            </line>
            <line>
              <![CDATA[=============]]>
            </line>
            <line>
              <![CDATA[the message is matching ......]]>
            </line>
            <line>
              <![CDATA[=============]]>
            </line>
            <line>
              <![CDATA[The username is a]]>
            </line>
            <line>
              <![CDATA[the passwrod is @]]>
            </line>
            <line>
              <![CDATA[Element is present]]>
            </line>
            <line>
              <![CDATA[The actual err message is Username or Password is invalid. Please try again.]]>
            </line>
            <line>
              <![CDATA[the expected err message is Username or Password is invalid. Please try again.]]>
            </line>
            <line>
              <![CDATA[=============]]>
            </line>
            <line>
              <![CDATA[the message is matching ......]]>
            </line>
            <line>
              <![CDATA[=============]]>
            </line>
            <line>
              <![CDATA[The username is 1]]>
            </line>
            <line>
              <![CDATA[the passwrod is 2]]>
            </line>
            <line>
              <![CDATA[Element is present]]>
            </line>
            <line>
              <![CDATA[The actual err message is Username or Password is invalid. Please try again.]]>
            </line>
            <line>
              <![CDATA[the expected err message is Username or Password is invalid. Please try again.]]>
            </line>
            <line>
              <![CDATA[=============]]>
            </line>
            <line>
              <![CDATA[the message is matching ......]]>
            </line>
            <line>
              <![CDATA[=============]]>
            </line>
          </reporter-output>
        </test-method> <!-- testInvlidLoginlogout -->
        <test-method status="PASS" signature="postcondition(org.testng.ITestResult)[pri:0, instance:Com.Actitime.Tests.InvalidLoginTest@91161c7]" name="postcondition" is-config="true" duration-ms="2128" started-at="2019-12-24T10:49:33Z" finished-at="2019-12-24T10:49:35Z">
          <params>
            <param index="0">
              <value>
                <![CDATA[[TestResult name=testInvlidLoginlogout status=SUCCESS method=InvalidLoginTest.testInvlidLoginlogout()[pri:2, instance:Com.Actitime.Tests.InvalidLoginTest@91161c7] output=Title is matching actiTIME - Login]]]>
              </value>
            </param>
          </params>
          <reporter-output>
          </reporter-output>
        </test-method> <!-- postcondition -->
      </class> <!-- Com.Actitime.Tests.InvalidLoginTest -->
    </test> <!-- ChromeTest -->
    <test name="FirefoxTest" duration-ms="74655" started-at="2019-12-24T10:48:43Z" finished-at="2019-12-24T10:49:58Z">
      <class name="Com.Actitime.Tests.ValidLoginLogoutTest">
        <test-method status="PASS" signature="precondition(java.lang.String, java.lang.String, java.lang.String)[pri:0, instance:Com.Actitime.Tests.ValidLoginLogoutTest@42dafa95]" name="precondition" is-config="true" duration-ms="18891" started-at="2019-12-24T10:48:43Z" finished-at="2019-12-24T10:49:02Z">
          <params>
            <param index="0">
              <value>
                <![CDATA[http://localhost:4444/wd/hub/]]>
              </value>
            </param>
            <param index="1">
              <value>
                <![CDATA[firefox]]>
              </value>
            </param>
            <param index="2">
              <value>
                <![CDATA[https://demo.actitime.com/login.do]]>
              </value>
            </param>
          </params>
          <reporter-output>
          </reporter-output>
        </test-method> <!-- precondition -->
        <test-method status="PASS" signature="testValidloginlogout()[pri:1, instance:Com.Actitime.Tests.ValidLoginLogoutTest@42dafa95]" name="testValidloginlogout" duration-ms="2668" started-at="2019-12-24T10:49:02Z" finished-at="2019-12-24T10:49:05Z">
          <reporter-output>
            <line>
              <![CDATA[Title is matching actiTIME - Login]]>
            </line>
            <line>
              <![CDATA[the user name is admin]]>
            </line>
            <line>
              <![CDATA[the password is  manager]]>
            </line>
            <line>
              <![CDATA[Title is matching actiTIME - Enter Time-Track]]>
            </line>
          </reporter-output>
        </test-method> <!-- testValidloginlogout -->
        <test-method status="PASS" signature="postcondition(org.testng.ITestResult)[pri:0, instance:Com.Actitime.Tests.ValidLoginLogoutTest@42dafa95]" name="postcondition" is-config="true" duration-ms="2948" started-at="2019-12-24T10:49:05Z" finished-at="2019-12-24T10:49:08Z">
          <params>
            <param index="0">
              <value>
                <![CDATA[[TestResult name=testValidloginlogout status=SUCCESS method=ValidLoginLogoutTest.testValidloginlogout()[pri:1, instance:Com.Actitime.Tests.ValidLoginLogoutTest@42dafa95] output=Title is matching actiTIME - Login]]]>
              </value>
            </param>
          </params>
          <reporter-output>
          </reporter-output>
        </test-method> <!-- postcondition -->
      </class> <!-- Com.Actitime.Tests.ValidLoginLogoutTest -->
      <class name="Com.Actitime.Tests.VerifyversionTest">
        <test-method status="PASS" signature="precondition(java.lang.String, java.lang.String, java.lang.String)[pri:0, instance:Com.Actitime.Tests.VerifyversionTest@6500df86]" name="precondition" is-config="true" duration-ms="14897" started-at="2019-12-24T10:49:41Z" finished-at="2019-12-24T10:49:56Z">
          <params>
            <param index="0">
              <value>
                <![CDATA[http://localhost:4444/wd/hub/]]>
              </value>
            </param>
            <param index="1">
              <value>
                <![CDATA[firefox]]>
              </value>
            </param>
            <param index="2">
              <value>
                <![CDATA[https://demo.actitime.com/login.do]]>
              </value>
            </param>
          </params>
          <reporter-output>
          </reporter-output>
        </test-method> <!-- precondition -->
        <test-method status="PASS" signature="testVerifyVersion()[pri:3, instance:Com.Actitime.Tests.VerifyversionTest@6500df86]" name="testVerifyVersion" duration-ms="177" started-at="2019-12-24T10:49:56Z" finished-at="2019-12-24T10:49:56Z">
          <reporter-output>
            <line>
              <![CDATA[Title is matching actiTIME - Login]]>
            </line>
            <line>
              <![CDATA[Element is present]]>
            </line>
            <line>
              <![CDATA[Actual version is actiTIME 2020.1 Pro]]>
            </line>
            <line>
              <![CDATA[the expectyed version isactiTIME 2020.1 Pro]]>
            </line>
            <line>
              <![CDATA[=============]]>
            </line>
            <line>
              <![CDATA[the version is matching ...]]>
            </line>
          </reporter-output>
        </test-method> <!-- testVerifyVersion -->
        <test-method status="PASS" signature="postcondition(org.testng.ITestResult)[pri:0, instance:Com.Actitime.Tests.VerifyversionTest@6500df86]" name="postcondition" is-config="true" duration-ms="1839" started-at="2019-12-24T10:49:56Z" finished-at="2019-12-24T10:49:58Z">
          <params>
            <param index="0">
              <value>
                <![CDATA[[TestResult name=testVerifyVersion status=SUCCESS method=VerifyversionTest.testVerifyVersion()[pri:3, instance:Com.Actitime.Tests.VerifyversionTest@6500df86] output=Title is matching actiTIME - Login]]]>
              </value>
            </param>
          </params>
          <reporter-output>
          </reporter-output>
        </test-method> <!-- postcondition -->
      </class> <!-- Com.Actitime.Tests.VerifyversionTest -->
      <class name="Com.Actitime.Tests.InvalidLoginTest">
        <test-method status="PASS" signature="precondition(java.lang.String, java.lang.String, java.lang.String)[pri:0, instance:Com.Actitime.Tests.InvalidLoginTest@589838eb]" name="precondition" is-config="true" duration-ms="12116" started-at="2019-12-24T10:49:08Z" finished-at="2019-12-24T10:49:20Z">
          <params>
            <param index="0">
              <value>
                <![CDATA[http://localhost:4444/wd/hub/]]>
              </value>
            </param>
            <param index="1">
              <value>
                <![CDATA[firefox]]>
              </value>
            </param>
            <param index="2">
              <value>
                <![CDATA[https://demo.actitime.com/login.do]]>
              </value>
            </param>
          </params>
          <reporter-output>
          </reporter-output>
        </test-method> <!-- precondition -->
        <test-method status="PASS" signature="testInvlidLoginlogout()[pri:2, instance:Com.Actitime.Tests.InvalidLoginTest@589838eb]" name="testInvlidLoginlogout" duration-ms="13926" started-at="2019-12-24T10:49:20Z" finished-at="2019-12-24T10:49:34Z">
          <reporter-output>
            <line>
              <![CDATA[Title is matching actiTIME - Login]]>
            </line>
            <line>
              <![CDATA[The username is admin]]>
            </line>
            <line>
              <![CDATA[the passwrod is damager]]>
            </line>
            <line>
              <![CDATA[Element is present]]>
            </line>
            <line>
              <![CDATA[The actual err message is Username or Password is invalid. Please try again.]]>
            </line>
            <line>
              <![CDATA[the expected err message is Username or Password is invalid. Please try again.]]>
            </line>
            <line>
              <![CDATA[=============]]>
            </line>
            <line>
              <![CDATA[the message is matching ......]]>
            </line>
            <line>
              <![CDATA[=============]]>
            </line>
            <line>
              <![CDATA[The username is qsp]]>
            </line>
            <line>
              <![CDATA[the passwrod is jsp]]>
            </line>
            <line>
              <![CDATA[Element is present]]>
            </line>
            <line>
              <![CDATA[The actual err message is Username or Password is invalid. Please try again.]]>
            </line>
            <line>
              <![CDATA[the expected err message is Username or Password is invalid. Please try again.]]>
            </line>
            <line>
              <![CDATA[=============]]>
            </line>
            <line>
              <![CDATA[the message is matching ......]]>
            </line>
            <line>
              <![CDATA[=============]]>
            </line>
            <line>
              <![CDATA[The username is 45]]>
            </line>
            <line>
              <![CDATA[the passwrod is a]]>
            </line>
            <line>
              <![CDATA[Element is present]]>
            </line>
            <line>
              <![CDATA[The actual err message is Username or Password is invalid. Please try again.]]>
            </line>
            <line>
              <![CDATA[the expected err message is Username or Password is invalid. Please try again.]]>
            </line>
            <line>
              <![CDATA[=============]]>
            </line>
            <line>
              <![CDATA[the message is matching ......]]>
            </line>
            <line>
              <![CDATA[=============]]>
            </line>
            <line>
              <![CDATA[The username is a]]>
            </line>
            <line>
              <![CDATA[the passwrod is @]]>
            </line>
            <line>
              <![CDATA[Element is present]]>
            </line>
            <line>
              <![CDATA[The actual err message is Username or Password is invalid. Please try again.]]>
            </line>
            <line>
              <![CDATA[the expected err message is Username or Password is invalid. Please try again.]]>
            </line>
            <line>
              <![CDATA[=============]]>
            </line>
            <line>
              <![CDATA[the message is matching ......]]>
            </line>
            <line>
              <![CDATA[=============]]>
            </line>
            <line>
              <![CDATA[The username is 1]]>
            </line>
            <line>
              <![CDATA[the passwrod is 2]]>
            </line>
            <line>
              <![CDATA[Element is present]]>
            </line>
            <line>
              <![CDATA[The actual err message is Username or Password is invalid. Please try again.]]>
            </line>
            <line>
              <![CDATA[the expected err message is Username or Password is invalid. Please try again.]]>
            </line>
            <line>
              <![CDATA[=============]]>
            </line>
            <line>
              <![CDATA[the message is matching ......]]>
            </line>
            <line>
              <![CDATA[=============]]>
            </line>
          </reporter-output>
        </test-method> <!-- testInvlidLoginlogout -->
        <test-method status="PASS" signature="postcondition(org.testng.ITestResult)[pri:0, instance:Com.Actitime.Tests.InvalidLoginTest@589838eb]" name="postcondition" is-config="true" duration-ms="7164" started-at="2019-12-24T10:49:34Z" finished-at="2019-12-24T10:49:41Z">
          <params>
            <param index="0">
              <value>
                <![CDATA[[TestResult name=testInvlidLoginlogout status=SUCCESS method=InvalidLoginTest.testInvlidLoginlogout()[pri:2, instance:Com.Actitime.Tests.InvalidLoginTest@589838eb] output=Title is matching actiTIME - Login]]]>
              </value>
            </param>
          </params>
          <reporter-output>
          </reporter-output>
        </test-method> <!-- postcondition -->
      </class> <!-- Com.Actitime.Tests.InvalidLoginTest -->
    </test> <!-- FirefoxTest -->
  </suite> <!-- Suite -->
</testng-results>
